<?xml version="1.0" encoding="UTF-8"?>
<!-- Generated by org.testng.reporters.JUnitReportReporter -->
<testsuite hostname="Integrass-QA" failures="0" tests="3" name="testCases.Field_validation" time="14.439" errors="0" timestamp="2023-01-25T16:10:21 IST" skipped="1">
  <testcase classname="testCases.Field_validation" name="aurllaunch" time="12.885"/>
  <system-out/>
  <testcase classname="testCases.Field_validation" name="takescreen" time="1.554"/>
  <system-out/>
  <testcase classname="testCases.Field_validation" name="testcase1">
    <skipped/>
  </testcase> <!-- testcase1 -->
  <system-out/>
</testsuite> <!-- testCases.Field_validation -->
